0 info it worked if it ends with ok
1 verbose cli [ 'C:\\Program Files\\nodejs\\node.exe',
1 verbose cli   'C:\\Program Files\\nodejs\\node_modules\\npm\\bin\\npm-cli.js',
1 verbose cli   'run',
1 verbose cli   'devserver' ]
2 info using npm@3.10.10
3 info using node@v6.11.5
4 verbose run-script [ 'predevserver', 'devserver', 'postdevserver' ]
5 info lifecycle natours@1.0.0~predevserver: natours@1.0.0
6 silly lifecycle natours@1.0.0~predevserver: no script for predevserver, continuing
7 info lifecycle natours@1.0.0~devserver: natours@1.0.0
8 verbose lifecycle natours@1.0.0~devserver: unsafe-perm in lifecycle true
9 verbose lifecycle natours@1.0.0~devserver: PATH: C:\Program Files\nodejs\node_modules\npm\bin\node-gyp-bin;D:\GV\GV-proj\Vanity\node_modules\.bin;C:\Program Files\nodejs\node_modules\npm\bin\node-gyp-bin;D:\GV\GV-proj\Vanity\node_modules\.bin;C:\Program Files\Git\mingw64\bin;C:\Program Files\Git\usr\bin;C:\Users\georgi.varbanov\bin;C:\ProgramData\Oracle\Java\javapath;C:\Program Files (x86)\NVIDIA Corporation\PhysX\Common;C:\Windows\system32;C:\Windows;C:\Windows\System32\Wbem;C:\Windows\System32\WindowsPowerShell\v1.0;D:\apache-maven-3.5.3\bin;C:\Program Files\Java\jdk1.7.0_75\bin;C:\Program Files (x86)\Brackets\command;D:\MongoDB\bin;C:\Program Files\Microsoft SQL Server\130\Tools\Binn;C:\Program Files (x86)\SMLNJ\bin;D:\openssl-0.9.8h-1-bin\bin;C:\Program Files\Git\cmd;D:\wamp64\bin\php\php7.0.10;C:\composer;C:\Program Files (x86)\Yarn\bin;C:\Users\georgi.varbanov\AppData\Roaming\npm;C:\Users\georgi.varbanov\AppData\Roaming\nvm;C:\Program Files\Intel\WiFi\bin;C:\Program Files\Common Files\Intel\WirelessCommon;C:\Program Files\SlikSvn\bin;C:\Program Files\nodejs;C:\Program Files\OpenVPN\bin;C:\Program Files\Microsoft VS Code\bin;D:\MongoDB\bin;C:\Users\georgi.varbanov\AppData\Local\atom\bin;C:\Program Files\Heroku\bin;C:\Users\georgi.varbanov\AppData\Roaming\Composer\vendor\bin;C:\Users\georgi.varbanov\AppData\Local\Yarn\bin;C:\Program Files\Microsoft VS Code\bin;C:\Program Files\Intel\WiFi\bin;C:\Program Files\Common Files\Intel\WirelessCommon;C:\Users\georgi.varbanov\AppData\Roaming\npm
10 verbose lifecycle natours@1.0.0~devserver: CWD: D:\GV\GV-proj\Vanity
11 silly lifecycle natours@1.0.0~devserver: Args: [ '/d /s /c', 'live-server --port=8081 --browser=chrome' ]
12 silly lifecycle natours@1.0.0~devserver: Returned: code: 3221225786  signal: null
13 info lifecycle natours@1.0.0~devserver: Failed to exec devserver script
14 verbose stack Error: natours@1.0.0 devserver: `live-server --port=8081 --browser=chrome`
14 verbose stack Exit status 3221225786
14 verbose stack     at EventEmitter.<anonymous> (C:\Program Files\nodejs\node_modules\npm\lib\utils\lifecycle.js:255:16)
14 verbose stack     at emitTwo (events.js:106:13)
14 verbose stack     at EventEmitter.emit (events.js:191:7)
14 verbose stack     at ChildProcess.<anonymous> (C:\Program Files\nodejs\node_modules\npm\lib\utils\spawn.js:40:14)
14 verbose stack     at emitTwo (events.js:106:13)
14 verbose stack     at ChildProcess.emit (events.js:191:7)
14 verbose stack     at maybeClose (internal/child_process.js:920:16)
14 verbose stack     at Process.ChildProcess._handle.onexit (internal/child_process.js:230:5)
15 verbose pkgid natours@1.0.0
16 verbose cwd D:\GV\GV-proj\Vanity
17 error Windows_NT 6.1.7601
18 error argv "C:\\Program Files\\nodejs\\node.exe" "C:\\Program Files\\nodejs\\node_modules\\npm\\bin\\npm-cli.js" "run" "devserver"
19 error node v6.11.5
20 error npm  v3.10.10
21 error code ELIFECYCLE
22 error natours@1.0.0 devserver: `live-server --port=8081 --browser=chrome`
22 error Exit status 3221225786
23 error Failed at the natours@1.0.0 devserver script 'live-server --port=8081 --browser=chrome'.
23 error Make sure you have the latest version of node.js and npm installed.
23 error If you do, this is most likely a problem with the natours package,
23 error not with npm itself.
23 error Tell the author that this fails on your system:
23 error     live-server --port=8081 --browser=chrome
23 error You can get information on how to open an issue for this project with:
23 error     npm bugs natours
23 error Or if that isn't available, you can get their info via:
23 error     npm owner ls natours
23 error There is likely additional logging output above.
24 verbose exit [ 1, true ]
